2026-02-07T15:17:16.005+07:00  INFO 6412 --- [Mufid] [restartedMain] com.muf.MufApplication                   : Starting MufApplication using Java 21.0.7 with PID 6412 (D:\muf\muf\target\classes started by M S I in D:\muf\muf)
2026-02-07T15:17:16.009+07:00  INFO 6412 --- [Mufid] [restartedMain] com.muf.MufApplication                   : The following 1 profile is active: "local"
2026-02-07T15:17:16.061+07:00  INFO 6412 --- [Mufid] [restartedMain] .e.DevToolsPropertyDefaultsPostProcessor : Devtools property defaults active! Set 'spring.devtools.add-properties' to 'false' to disable
2026-02-07T15:17:16.061+07:00  INFO 6412 --- [Mufid] [restartedMain] .e.DevToolsPropertyDefaultsPostProcessor : For additional web related logging consider setting the 'logging.level.web' property to 'DEBUG'
2026-02-07T15:17:17.143+07:00  INFO 6412 --- [Mufid] [restartedMain] .s.d.r.c.RepositoryConfigurationDelegate : Multiple Spring Data modules found, entering strict repository configuration mode
2026-02-07T15:17:17.144+07:00  INFO 6412 --- [Mufid] [restartedMain] .s.d.r.c.RepositoryConfigurationDelegate : Bootstrapping Spring Data JPA repositories in DEFAULT mode.
2026-02-07T15:17:17.333+07:00  INFO 6412 --- [Mufid] [restartedMain] .s.d.r.c.RepositoryConfigurationDelegate : Finished Spring Data repository scanning in 176 ms. Found 13 JPA repository interfaces.
2026-02-07T15:17:17.363+07:00  INFO 6412 --- [Mufid] [restartedMain] .s.d.r.c.RepositoryConfigurationDelegate : Multiple Spring Data modules found, entering strict repository configuration mode
2026-02-07T15:17:17.368+07:00  INFO 6412 --- [Mufid] [restartedMain] .s.d.r.c.RepositoryConfigurationDelegate : Bootstrapping Spring Data Redis repositories in DEFAULT mode.
2026-02-07T15:17:17.405+07:00  INFO 6412 --- [Mufid] [restartedMain] .RepositoryConfigurationExtensionSupport : Spring Data Redis - Could not safely identify store assignment for repository candidate interface com.muf.modules.file.repository.FileLocationRepository; If you want this repository to be a Redis repository, consider annotating your entities with one of these annotations: org.springframework.data.redis.core.RedisHash (preferred), or consider extending one of the following types with your repository: org.springframework.data.keyvalue.repository.KeyValueRepository
2026-02-07T15:17:17.409+07:00  INFO 6412 --- [Mufid] [restartedMain] .RepositoryConfigurationExtensionSupport : Spring Data Redis - Could not safely identify store assignment for repository candidate interface com.muf.modules.file.repository.FileRepository; If you want this repository to be a Redis repository, consider annotating your entities with one of these annotations: org.springframework.data.redis.core.RedisHash (preferred), or consider extending one of the following types with your repository: org.springframework.data.keyvalue.repository.KeyValueRepository
2026-02-07T15:17:17.410+07:00  INFO 6412 --- [Mufid] [restartedMain] .RepositoryConfigurationExtensionSupport : Spring Data Redis - Could not safely identify store assignment for repository candidate interface com.muf.modules.file.repository.FileTypeRepository; If you want this repository to be a Redis repository, consider annotating your entities with one of these annotations: org.springframework.data.redis.core.RedisHash (preferred), or consider extending one of the following types with your repository: org.springframework.data.keyvalue.repository.KeyValueRepository
2026-02-07T15:17:17.410+07:00  INFO 6412 --- [Mufid] [restartedMain] .RepositoryConfigurationExtensionSupport : Spring Data Redis - Could not safely identify store assignment for repository candidate interface com.muf.modules.master.lead.repository.LeadAssignmentRepository; If you want this repository to be a Redis repository, consider annotating your entities with one of these annotations: org.springframework.data.redis.core.RedisHash (preferred), or consider extending one of the following types with your repository: org.springframework.data.keyvalue.repository.KeyValueRepository
2026-02-07T15:17:17.411+07:00  INFO 6412 --- [Mufid] [restartedMain] .RepositoryConfigurationExtensionSupport : Spring Data Redis - Could not safely identify store assignment for repository candidate interface com.muf.modules.master.lead.repository.LeadHistoryRepository; If you want this repository to be a Redis repository, consider annotating your entities with one of these annotations: org.springframework.data.redis.core.RedisHash (preferred), or consider extending one of the following types with your repository: org.springframework.data.keyvalue.repository.KeyValueRepository
2026-02-07T15:17:17.411+07:00  INFO 6412 --- [Mufid] [restartedMain] .RepositoryConfigurationExtensionSupport : Spring Data Redis - Could not safely identify store assignment for repository candidate interface com.muf.modules.master.lead.repository.LeadRepository; If you want this repository to be a Redis repository, consider annotating your entities with one of these annotations: org.springframework.data.redis.core.RedisHash (preferred), or consider extending one of the following types with your repository: org.springframework.data.keyvalue.repository.KeyValueRepository
2026-02-07T15:17:17.411+07:00  INFO 6412 --- [Mufid] [restartedMain] .RepositoryConfigurationExtensionSupport : Spring Data Redis - Could not safely identify store assignment for repository candidate interface com.muf.modules.master.lead.repository.LeadSourceRepository; If you want this repository to be a Redis repository, consider annotating your entities with one of these annotations: org.springframework.data.redis.core.RedisHash (preferred), or consider extending one of the following types with your repository: org.springframework.data.keyvalue.repository.KeyValueRepository
2026-02-07T15:17:17.411+07:00  INFO 6412 --- [Mufid] [restartedMain] .RepositoryConfigurationExtensionSupport : Spring Data Redis - Could not safely identify store assignment for repository candidate interface com.muf.modules.master.user.repository.RefreshTokenRepository; If you want this repository to be a Redis repository, consider annotating your entities with one of these annotations: org.springframework.data.redis.core.RedisHash (preferred), or consider extending one of the following types with your repository: org.springframework.data.keyvalue.repository.KeyValueRepository
2026-02-07T15:17:17.412+07:00  INFO 6412 --- [Mufid] [restartedMain] .RepositoryConfigurationExtensionSupport : Spring Data Redis - Could not safely identify store assignment for repository candidate interface com.muf.modules.master.user.repository.RoleRepository; If you want this repository to be a Redis repository, consider annotating your entities with one of these annotations: org.springframework.data.redis.core.RedisHash (preferred), or consider extending one of the following types with your repository: org.springframework.data.keyvalue.repository.KeyValueRepository
2026-02-07T15:17:17.412+07:00  INFO 6412 --- [Mufid] [restartedMain] .RepositoryConfigurationExtensionSupport : Spring Data Redis - Could not safely identify store assignment for repository candidate interface com.muf.modules.master.user.repository.UserRepository; If you want this repository to be a Redis repository, consider annotating your entities with one of these annotations: org.springframework.data.redis.core.RedisHash (preferred), or consider extending one of the following types with your repository: org.springframework.data.keyvalue.repository.KeyValueRepository
2026-02-07T15:17:17.412+07:00  INFO 6412 --- [Mufid] [restartedMain] .RepositoryConfigurationExtensionSupport : Spring Data Redis - Could not safely identify store assignment for repository candidate interface com.muf.modules.master.user.repository.UserRoleRepository; If you want this repository to be a Redis repository, consider annotating your entities with one of these annotations: org.springframework.data.redis.core.RedisHash (preferred), or consider extending one of the following types with your repository: org.springframework.data.keyvalue.repository.KeyValueRepository
2026-02-07T15:17:17.414+07:00  INFO 6412 --- [Mufid] [restartedMain] .RepositoryConfigurationExtensionSupport : Spring Data Redis - Could not safely identify store assignment for repository candidate interface com.muf.modules.module.repository.ModuleRepository; If you want this repository to be a Redis repository, consider annotating your entities with one of these annotations: org.springframework.data.redis.core.RedisHash (preferred), or consider extending one of the following types with your repository: org.springframework.data.keyvalue.repository.KeyValueRepository
2026-02-07T15:17:17.414+07:00  INFO 6412 --- [Mufid] [restartedMain] .RepositoryConfigurationExtensionSupport : Spring Data Redis - Could not safely identify store assignment for repository candidate interface com.muf.modules.translation.TranslationRepository; If you want this repository to be a Redis repository, consider annotating your entities with one of these annotations: org.springframework.data.redis.core.RedisHash (preferred), or consider extending one of the following types with your repository: org.springframework.data.keyvalue.repository.KeyValueRepository
2026-02-07T15:17:17.415+07:00  INFO 6412 --- [Mufid] [restartedMain] .s.d.r.c.RepositoryConfigurationDelegate : Finished Spring Data repository scanning in 27 ms. Found 0 Redis repository interfaces.
2026-02-07T15:17:18.101+07:00  INFO 6412 --- [Mufid] [restartedMain] o.s.b.w.embedded.tomcat.TomcatWebServer  : Tomcat initialized with port 8081 (http)
2026-02-07T15:17:18.115+07:00  INFO 6412 --- [Mufid] [restartedMain] o.apache.catalina.core.StandardService   : Starting service [Tomcat]
2026-02-07T15:17:18.115+07:00  INFO 6412 --- [Mufid] [restartedMain] o.apache.catalina.core.StandardEngine    : Starting Servlet engine: [Apache Tomcat/10.1.49]
2026-02-07T15:17:18.158+07:00  INFO 6412 --- [Mufid] [restartedMain] o.a.c.c.C.[Tomcat].[localhost].[/]       : Initializing Spring embedded WebApplicationContext
2026-02-07T15:17:18.158+07:00  INFO 6412 --- [Mufid] [restartedMain] w.s.c.ServletWebServerApplicationContext : Root WebApplicationContext: initialization completed in 2096 ms
2026-02-07T15:17:18.487+07:00 DEBUG 6412 --- [Mufid] [restartedMain] com.zaxxer.hikari.HikariConfig           : Class org.postgresql.Driver found in Thread context class loader org.springframework.boot.devtools.restart.classloader.RestartClassLoader@4ef4e7b4
2026-02-07T15:17:18.572+07:00  INFO 6412 --- [Mufid] [restartedMain] o.hibernate.jpa.internal.util.LogHelper  : HHH000204: Processing PersistenceUnitInfo [name: default]
2026-02-07T15:17:18.627+07:00  INFO 6412 --- [Mufid] [restartedMain] org.hibernate.Version                    : HHH000412: Hibernate ORM core version 6.6.36.Final
2026-02-07T15:17:18.658+07:00  INFO 6412 --- [Mufid] [restartedMain] o.h.c.internal.RegionFactoryInitiator    : HHH000026: Second-level cache disabled
2026-02-07T15:17:18.900+07:00  INFO 6412 --- [Mufid] [restartedMain] o.s.o.j.p.SpringPersistenceUnitInfo      : No LoadTimeWeaver setup: ignoring JPA class transformer
2026-02-07T15:17:18.932+07:00 DEBUG 6412 --- [Mufid] [restartedMain] com.zaxxer.hikari.HikariConfig           : HikariCP-1 - configuration:
2026-02-07T15:17:18.934+07:00 DEBUG 6412 --- [Mufid] [restartedMain] com.zaxxer.hikari.HikariConfig           : allowPoolSuspension.............false
2026-02-07T15:17:18.935+07:00 DEBUG 6412 --- [Mufid] [restartedMain] com.zaxxer.hikari.HikariConfig           : autoCommit......................true
2026-02-07T15:17:18.935+07:00 DEBUG 6412 --- [Mufid] [restartedMain] com.zaxxer.hikari.HikariConfig           : catalog.........................none
2026-02-07T15:17:18.935+07:00 DEBUG 6412 --- [Mufid] [restartedMain] com.zaxxer.hikari.HikariConfig           : connectionInitSql...............none
2026-02-07T15:17:18.935+07:00 DEBUG 6412 --- [Mufid] [restartedMain] com.zaxxer.hikari.HikariConfig           : connectionTestQuery.............none
2026-02-07T15:17:18.936+07:00 DEBUG 6412 --- [Mufid] [restartedMain] com.zaxxer.hikari.HikariConfig           : connectionTimeout...............30000
2026-02-07T15:17:18.936+07:00 DEBUG 6412 --- [Mufid] [restartedMain] com.zaxxer.hikari.HikariConfig           : credentials.....................com.zaxxer.hikari.util.Credentials@7a0df16d
2026-02-07T15:17:18.937+07:00 DEBUG 6412 --- [Mufid] [restartedMain] com.zaxxer.hikari.HikariConfig           : dataSource......................none
2026-02-07T15:17:18.937+07:00 DEBUG 6412 --- [Mufid] [restartedMain] com.zaxxer.hikari.HikariConfig           : dataSourceClassName.............none
2026-02-07T15:17:18.938+07:00 DEBUG 6412 --- [Mufid] [restartedMain] com.zaxxer.hikari.HikariConfig           : dataSourceJNDI..................none
2026-02-07T15:17:18.939+07:00 DEBUG 6412 --- [Mufid] [restartedMain] com.zaxxer.hikari.HikariConfig           : dataSourceProperties............{password=<masked>}
2026-02-07T15:17:18.939+07:00 DEBUG 6412 --- [Mufid] [restartedMain] com.zaxxer.hikari.HikariConfig           : driverClassName................."org.postgresql.Driver"
2026-02-07T15:17:18.940+07:00 DEBUG 6412 --- [Mufid] [restartedMain] com.zaxxer.hikari.HikariConfig           : exceptionOverride...............none
2026-02-07T15:17:18.940+07:00 DEBUG 6412 --- [Mufid] [restartedMain] com.zaxxer.hikari.HikariConfig           : exceptionOverrideClassName......none
2026-02-07T15:17:18.940+07:00 DEBUG 6412 --- [Mufid] [restartedMain] com.zaxxer.hikari.HikariConfig           : healthCheckProperties...........{}
2026-02-07T15:17:18.940+07:00 DEBUG 6412 --- [Mufid] [restartedMain] com.zaxxer.hikari.HikariConfig           : healthCheckRegistry.............none
2026-02-07T15:17:18.941+07:00 DEBUG 6412 --- [Mufid] [restartedMain] com.zaxxer.hikari.HikariConfig           : idleTimeout.....................600000
2026-02-07T15:17:18.941+07:00 DEBUG 6412 --- [Mufid] [restartedMain] com.zaxxer.hikari.HikariConfig           : initializationFailTimeout.......1
2026-02-07T15:17:18.942+07:00 DEBUG 6412 --- [Mufid] [restartedMain] com.zaxxer.hikari.HikariConfig           : isolateInternalQueries..........false
2026-02-07T15:17:18.942+07:00 DEBUG 6412 --- [Mufid] [restartedMain] com.zaxxer.hikari.HikariConfig           : jdbcUrl.........................jdbc:postgresql://localhost:5432/mufdb?currentSchema=mufid
2026-02-07T15:17:18.942+07:00 DEBUG 6412 --- [Mufid] [restartedMain] com.zaxxer.hikari.HikariConfig           : keepaliveTime...................120000
2026-02-07T15:17:18.942+07:00 DEBUG 6412 --- [Mufid] [restartedMain] com.zaxxer.hikari.HikariConfig           : leakDetectionThreshold..........0
2026-02-07T15:17:18.942+07:00 DEBUG 6412 --- [Mufid] [restartedMain] com.zaxxer.hikari.HikariConfig           : maxLifetime.....................1800000
2026-02-07T15:17:18.944+07:00 DEBUG 6412 --- [Mufid] [restartedMain] com.zaxxer.hikari.HikariConfig           : maximumPoolSize.................10
2026-02-07T15:17:18.944+07:00 DEBUG 6412 --- [Mufid] [restartedMain] com.zaxxer.hikari.HikariConfig           : metricRegistry..................none
2026-02-07T15:17:18.945+07:00 DEBUG 6412 --- [Mufid] [restartedMain] com.zaxxer.hikari.HikariConfig           : metricsTrackerFactory...........none
2026-02-07T15:17:18.945+07:00 DEBUG 6412 --- [Mufid] [restartedMain] com.zaxxer.hikari.HikariConfig           : minimumIdle.....................10
2026-02-07T15:17:18.945+07:00 DEBUG 6412 --- [Mufid] [restartedMain] com.zaxxer.hikari.HikariConfig           : password........................<masked>
2026-02-07T15:17:18.945+07:00 DEBUG 6412 --- [Mufid] [restartedMain] com.zaxxer.hikari.HikariConfig           : poolName........................"HikariCP-1"
2026-02-07T15:17:18.945+07:00 DEBUG 6412 --- [Mufid] [restartedMain] com.zaxxer.hikari.HikariConfig           : readOnly........................false
2026-02-07T15:17:18.947+07:00 DEBUG 6412 --- [Mufid] [restartedMain] com.zaxxer.hikari.HikariConfig           : registerMbeans..................false
2026-02-07T15:17:18.947+07:00 DEBUG 6412 --- [Mufid] [restartedMain] com.zaxxer.hikari.HikariConfig           : scheduledExecutor...............none
2026-02-07T15:17:18.947+07:00 DEBUG 6412 --- [Mufid] [restartedMain] com.zaxxer.hikari.HikariConfig           : schema..........................none
2026-02-07T15:17:18.947+07:00 DEBUG 6412 --- [Mufid] [restartedMain] com.zaxxer.hikari.HikariConfig           : threadFactory...................internal
2026-02-07T15:17:18.947+07:00 DEBUG 6412 --- [Mufid] [restartedMain] com.zaxxer.hikari.HikariConfig           : transactionIsolation............default
2026-02-07T15:17:18.949+07:00 DEBUG 6412 --- [Mufid] [restartedMain] com.zaxxer.hikari.HikariConfig           : username........................"251E432CDA535BB8FC0BE683E9F7D25F"
2026-02-07T15:17:18.949+07:00 DEBUG 6412 --- [Mufid] [restartedMain] com.zaxxer.hikari.HikariConfig           : validationTimeout...............5000
2026-02-07T15:17:18.949+07:00  INFO 6412 --- [Mufid] [restartedMain] com.zaxxer.hikari.HikariDataSource       : HikariCP-1 - Starting...
2026-02-07T15:17:19.171+07:00  INFO 6412 --- [Mufid] [restartedMain] com.zaxxer.hikari.pool.HikariPool        : HikariCP-1 - Added connection org.postgresql.jdbc.PgConnection@4ea78f3d
2026-02-07T15:17:19.176+07:00  INFO 6412 --- [Mufid] [restartedMain] com.zaxxer.hikari.HikariDataSource       : HikariCP-1 - Start completed.
2026-02-07T15:17:19.245+07:00  WARN 6412 --- [Mufid] [restartedMain] org.hibernate.orm.deprecation            : HHH90000025: PostgreSQLDialect does not need to be specified explicitly using 'hibernate.dialect' (remove the property setting and it will be selected by default)
2026-02-07T15:17:19.261+07:00  INFO 6412 --- [Mufid] [restartedMain] org.hibernate.orm.connections.pooling    : HHH10001005: Database info:
	Database JDBC URL [Connecting through datasource 'HikariDataSource (HikariCP-1)']
	Database driver: undefined/unknown
	Database version: 15.1
	Autocommit mode: undefined/unknown
	Isolation level: undefined/unknown
	Minimum pool size: undefined/unknown
	Maximum pool size: undefined/unknown
2026-02-07T15:17:20.645+07:00  INFO 6412 --- [Mufid] [restartedMain] o.h.e.t.j.p.i.JtaPlatformInitiator       : HHH000489: No JTA platform available (set 'hibernate.transaction.jta.platform' to enable JTA platform integration)
2026-02-07T15:17:20.810+07:00  WARN 6412 --- [Mufid] [restartedMain] o.h.engine.jdbc.spi.SqlExceptionHelper   : SQL Warning Code: 0, SQLState: 00000
2026-02-07T15:17:20.810+07:00  WARN 6412 --- [Mufid] [restartedMain] o.h.engine.jdbc.spi.SqlExceptionHelper   : constraint "ukkkj0xy3ptrie1v5tbaotxibc3" of relation "tokens" does not exist, skipping
2026-02-07T15:17:20.823+07:00  WARN 6412 --- [Mufid] [restartedMain] o.h.engine.jdbc.spi.SqlExceptionHelper   : SQL Warning Code: 0, SQLState: 00000
2026-02-07T15:17:20.823+07:00  WARN 6412 --- [Mufid] [restartedMain] o.h.engine.jdbc.spi.SqlExceptionHelper   : constraint "uk3cmtv55gp2ex8nooq0svewmff" of relation "users" does not exist, skipping
2026-02-07T15:17:21.069+07:00  INFO 6412 --- [Mufid] [restartedMain] j.LocalContainerEntityManagerFactoryBean : Initialized JPA EntityManagerFactory for persistence unit 'default'
2026-02-07T15:17:21.432+07:00  INFO 6412 --- [Mufid] [restartedMain] o.s.d.j.r.query.QueryEnhancerFactory     : Hibernate is in classpath; If applicable, HQL parser will be used.
2026-02-07T15:17:22.312+07:00  WARN 6412 --- [Mufid] [restartedMain] JpaBaseConfiguration$JpaWebConfiguration : spring.jpa.open-in-view is enabled by default. Therefore, database queries may be performed during view rendering. Explicitly configure spring.jpa.open-in-view to disable this warning
2026-02-07T15:17:22.543+07:00  WARN 6412 --- [Mufid] [restartedMain] .s.s.UserDetailsServiceAutoConfiguration : 

Using generated security password: 4142b015-7c11-4534-a7d1-dfd7659a5d35

This generated password is for development use only. Your security configuration must be updated before running your application in production.

2026-02-07T15:17:22.551+07:00  INFO 6412 --- [Mufid] [restartedMain] r$InitializeUserDetailsManagerConfigurer : Global AuthenticationManager configured with UserDetailsService bean with name inMemoryUserDetailsManager
2026-02-07T15:17:23.162+07:00  INFO 6412 --- [Mufid] [restartedMain] o.s.b.d.a.OptionalLiveReloadServer       : LiveReload server is running on port 35729
2026-02-07T15:17:23.203+07:00  INFO 6412 --- [Mufid] [restartedMain] o.s.b.w.embedded.tomcat.TomcatWebServer  : Tomcat started on port 8081 (http) with context path '/'
2026-02-07T15:17:23.212+07:00  INFO 6412 --- [Mufid] [restartedMain] com.muf.MufApplication                   : Started MufApplication in 7.676 seconds (process running for 9.87)
2026-02-07T15:20:01.007+07:00  INFO 6412 --- [Mufid] [http-nio-8081-exec-2] o.a.c.c.C.[Tomcat].[localhost].[/]       : Initializing Spring DispatcherServlet 'dispatcherServlet'
2026-02-07T15:20:01.008+07:00  INFO 6412 --- [Mufid] [http-nio-8081-exec-2] o.s.web.servlet.DispatcherServlet        : Initializing Servlet 'dispatcherServlet'
2026-02-07T15:20:01.009+07:00  INFO 6412 --- [Mufid] [http-nio-8081-exec-2] o.s.web.servlet.DispatcherServlet        : Completed initialization in 1 ms
2026-02-07T15:20:24.507+07:00  WARN 6412 --- [Mufid] [http-nio-8081-exec-4] .m.m.a.ExceptionHandlerExceptionResolver : Resolved [org.springframework.web.HttpMediaTypeNotSupportedException: Content-Type 'text/plain;charset=UTF-8' is not supported]
2026-02-07T15:28:23.676+07:00  INFO 6412 --- [Mufid] [SpringApplicationShutdownHook] o.s.b.w.e.tomcat.GracefulShutdown        : Commencing graceful shutdown. Waiting for active requests to complete
2026-02-07T15:28:23.680+07:00  INFO 6412 --- [Mufid] [tomcat-shutdown] o.s.b.w.e.tomcat.GracefulShutdown        : Graceful shutdown complete
2026-02-07T15:28:23.692+07:00  INFO 6412 --- [Mufid] [SpringApplicationShutdownHook] j.LocalContainerEntityManagerFactoryBean : Closing JPA EntityManagerFactory for persistence unit 'default'
2026-02-07T15:28:23.695+07:00  INFO 6412 --- [Mufid] [SpringApplicationShutdownHook] com.zaxxer.hikari.HikariDataSource       : HikariCP-1 - Shutdown initiated...
2026-02-07T15:28:23.699+07:00  INFO 6412 --- [Mufid] [SpringApplicationShutdownHook] com.zaxxer.hikari.HikariDataSource       : HikariCP-1 - Shutdown completed.
2026-02-07T15:37:32.801+07:00  INFO 11792 --- [Mufid] [restartedMain] com.muf.MufApplication                   : Starting MufApplication using Java 21.0.7 with PID 11792 (D:\muf\muf\target\classes started by M S I in D:\muf\muf)
2026-02-07T15:37:32.803+07:00  INFO 11792 --- [Mufid] [restartedMain] com.muf.MufApplication                   : The following 1 profile is active: "local"
2026-02-07T15:37:32.858+07:00  INFO 11792 --- [Mufid] [restartedMain] .e.DevToolsPropertyDefaultsPostProcessor : Devtools property defaults active! Set 'spring.devtools.add-properties' to 'false' to disable
2026-02-07T15:37:32.858+07:00  INFO 11792 --- [Mufid] [restartedMain] .e.DevToolsPropertyDefaultsPostProcessor : For additional web related logging consider setting the 'logging.level.web' property to 'DEBUG'
2026-02-07T15:37:34.118+07:00  INFO 11792 --- [Mufid] [restartedMain] .s.d.r.c.RepositoryConfigurationDelegate : Multiple Spring Data modules found, entering strict repository configuration mode
2026-02-07T15:37:34.119+07:00  INFO 11792 --- [Mufid] [restartedMain] .s.d.r.c.RepositoryConfigurationDelegate : Bootstrapping Spring Data JPA repositories in DEFAULT mode.
2026-02-07T15:37:34.270+07:00  INFO 11792 --- [Mufid] [restartedMain] .s.d.r.c.RepositoryConfigurationDelegate : Finished Spring Data repository scanning in 143 ms. Found 13 JPA repository interfaces.
2026-02-07T15:37:34.286+07:00  INFO 11792 --- [Mufid] [restartedMain] .s.d.r.c.RepositoryConfigurationDelegate : Multiple Spring Data modules found, entering strict repository configuration mode
2026-02-07T15:37:34.287+07:00  INFO 11792 --- [Mufid] [restartedMain] .s.d.r.c.RepositoryConfigurationDelegate : Bootstrapping Spring Data Redis repositories in DEFAULT mode.
2026-02-07T15:37:34.314+07:00  INFO 11792 --- [Mufid] [restartedMain] .RepositoryConfigurationExtensionSupport : Spring Data Redis - Could not safely identify store assignment for repository candidate interface com.muf.modules.file.repository.FileLocationRepository; If you want this repository to be a Redis repository, consider annotating your entities with one of these annotations: org.springframework.data.redis.core.RedisHash (preferred), or consider extending one of the following types with your repository: org.springframework.data.keyvalue.repository.KeyValueRepository
2026-02-07T15:37:34.314+07:00  INFO 11792 --- [Mufid] [restartedMain] .RepositoryConfigurationExtensionSupport : Spring Data Redis - Could not safely identify store assignment for repository candidate interface com.muf.modules.file.repository.FileRepository; If you want this repository to be a Redis repository, consider annotating your entities with one of these annotations: org.springframework.data.redis.core.RedisHash (preferred), or consider extending one of the following types with your repository: org.springframework.data.keyvalue.repository.KeyValueRepository
2026-02-07T15:37:34.315+07:00  INFO 11792 --- [Mufid] [restartedMain] .RepositoryConfigurationExtensionSupport : Spring Data Redis - Could not safely identify store assignment for repository candidate interface com.muf.modules.file.repository.FileTypeRepository; If you want this repository to be a Redis repository, consider annotating your entities with one of these annotations: org.springframework.data.redis.core.RedisHash (preferred), or consider extending one of the following types with your repository: org.springframework.data.keyvalue.repository.KeyValueRepository
2026-02-07T15:37:34.315+07:00  INFO 11792 --- [Mufid] [restartedMain] .RepositoryConfigurationExtensionSupport : Spring Data Redis - Could not safely identify store assignment for repository candidate interface com.muf.modules.master.lead.repository.LeadAssignmentRepository; If you want this repository to be a Redis repository, consider annotating your entities with one of these annotations: org.springframework.data.redis.core.RedisHash (preferred), or consider extending one of the following types with your repository: org.springframework.data.keyvalue.repository.KeyValueRepository
2026-02-07T15:37:34.315+07:00  INFO 11792 --- [Mufid] [restartedMain] .RepositoryConfigurationExtensionSupport : Spring Data Redis - Could not safely identify store assignment for repository candidate interface com.muf.modules.master.lead.repository.LeadHistoryRepository; If you want this repository to be a Redis repository, consider annotating your entities with one of these annotations: org.springframework.data.redis.core.RedisHash (preferred), or consider extending one of the following types with your repository: org.springframework.data.keyvalue.repository.KeyValueRepository
2026-02-07T15:37:34.315+07:00  INFO 11792 --- [Mufid] [restartedMain] .RepositoryConfigurationExtensionSupport : Spring Data Redis - Could not safely identify store assignment for repository candidate interface com.muf.modules.master.lead.repository.LeadRepository; If you want this repository to be a Redis repository, consider annotating your entities with one of these annotations: org.springframework.data.redis.core.RedisHash (preferred), or consider extending one of the following types with your repository: org.springframework.data.keyvalue.repository.KeyValueRepository
2026-02-07T15:37:34.315+07:00  INFO 11792 --- [Mufid] [restartedMain] .RepositoryConfigurationExtensionSupport : Spring Data Redis - Could not safely identify store assignment for repository candidate interface com.muf.modules.master.lead.repository.LeadSourceRepository; If you want this repository to be a Redis repository, consider annotating your entities with one of these annotations: org.springframework.data.redis.core.RedisHash (preferred), or consider extending one of the following types with your repository: org.springframework.data.keyvalue.repository.KeyValueRepository
2026-02-07T15:37:34.315+07:00  INFO 11792 --- [Mufid] [restartedMain] .RepositoryConfigurationExtensionSupport : Spring Data Redis - Could not safely identify store assignment for repository candidate interface com.muf.modules.master.user.repository.RefreshTokenRepository; If you want this repository to be a Redis repository, consider annotating your entities with one of these annotations: org.springframework.data.redis.core.RedisHash (preferred), or consider extending one of the following types with your repository: org.springframework.data.keyvalue.repository.KeyValueRepository
2026-02-07T15:37:34.316+07:00  INFO 11792 --- [Mufid] [restartedMain] .RepositoryConfigurationExtensionSupport : Spring Data Redis - Could not safely identify store assignment for repository candidate interface com.muf.modules.master.user.repository.RoleRepository; If you want this repository to be a Redis repository, consider annotating your entities with one of these annotations: org.springframework.data.redis.core.RedisHash (preferred), or consider extending one of the following types with your repository: org.springframework.data.keyvalue.repository.KeyValueRepository
2026-02-07T15:37:34.316+07:00  INFO 11792 --- [Mufid] [restartedMain] .RepositoryConfigurationExtensionSupport : Spring Data Redis - Could not safely identify store assignment for repository candidate interface com.muf.modules.master.user.repository.UserRepository; If you want this repository to be a Redis repository, consider annotating your entities with one of these annotations: org.springframework.data.redis.core.RedisHash (preferred), or consider extending one of the following types with your repository: org.springframework.data.keyvalue.repository.KeyValueRepository
2026-02-07T15:37:34.316+07:00  INFO 11792 --- [Mufid] [restartedMain] .RepositoryConfigurationExtensionSupport : Spring Data Redis - Could not safely identify store assignment for repository candidate interface com.muf.modules.master.user.repository.UserRoleRepository; If you want this repository to be a Redis repository, consider annotating your entities with one of these annotations: org.springframework.data.redis.core.RedisHash (preferred), or consider extending one of the following types with your repository: org.springframework.data.keyvalue.repository.KeyValueRepository
2026-02-07T15:37:34.317+07:00  INFO 11792 --- [Mufid] [restartedMain] .RepositoryConfigurationExtensionSupport : Spring Data Redis - Could not safely identify store assignment for repository candidate interface com.muf.modules.module.repository.ModuleRepository; If you want this repository to be a Redis repository, consider annotating your entities with one of these annotations: org.springframework.data.redis.core.RedisHash (preferred), or consider extending one of the following types with your repository: org.springframework.data.keyvalue.repository.KeyValueRepository
2026-02-07T15:37:34.317+07:00  INFO 11792 --- [Mufid] [restartedMain] .RepositoryConfigurationExtensionSupport : Spring Data Redis - Could not safely identify store assignment for repository candidate interface com.muf.modules.translation.TranslationRepository; If you want this repository to be a Redis repository, consider annotating your entities with one of these annotations: org.springframework.data.redis.core.RedisHash (preferred), or consider extending one of the following types with your repository: org.springframework.data.keyvalue.repository.KeyValueRepository
2026-02-07T15:37:34.317+07:00  INFO 11792 --- [Mufid] [restartedMain] .s.d.r.c.RepositoryConfigurationDelegate : Finished Spring Data repository scanning in 23 ms. Found 0 Redis repository interfaces.
2026-02-07T15:37:34.885+07:00  INFO 11792 --- [Mufid] [restartedMain] o.s.b.w.embedded.tomcat.TomcatWebServer  : Tomcat initialized with port 8081 (http)
2026-02-07T15:37:34.896+07:00  INFO 11792 --- [Mufid] [restartedMain] o.apache.catalina.core.StandardService   : Starting service [Tomcat]
2026-02-07T15:37:34.897+07:00  INFO 11792 --- [Mufid] [restartedMain] o.apache.catalina.core.StandardEngine    : Starting Servlet engine: [Apache Tomcat/10.1.49]
2026-02-07T15:37:34.934+07:00  INFO 11792 --- [Mufid] [restartedMain] o.a.c.c.C.[Tomcat].[localhost].[/]       : Initializing Spring embedded WebApplicationContext
2026-02-07T15:37:34.934+07:00  INFO 11792 --- [Mufid] [restartedMain] w.s.c.ServletWebServerApplicationContext : Root WebApplicationContext: initialization completed in 2075 ms
2026-02-07T15:37:35.196+07:00 DEBUG 11792 --- [Mufid] [restartedMain] com.zaxxer.hikari.HikariConfig           : Class org.postgresql.Driver found in Thread context class loader org.springframework.boot.devtools.restart.classloader.RestartClassLoader@2be909a5
2026-02-07T15:37:35.272+07:00  INFO 11792 --- [Mufid] [restartedMain] o.hibernate.jpa.internal.util.LogHelper  : HHH000204: Processing PersistenceUnitInfo [name: default]
2026-02-07T15:37:35.303+07:00  INFO 11792 --- [Mufid] [restartedMain] org.hibernate.Version                    : HHH000412: Hibernate ORM core version 6.6.36.Final
2026-02-07T15:37:35.326+07:00  INFO 11792 --- [Mufid] [restartedMain] o.h.c.internal.RegionFactoryInitiator    : HHH000026: Second-level cache disabled
2026-02-07T15:37:35.517+07:00  INFO 11792 --- [Mufid] [restartedMain] o.s.o.j.p.SpringPersistenceUnitInfo      : No LoadTimeWeaver setup: ignoring JPA class transformer
2026-02-07T15:37:35.538+07:00 DEBUG 11792 --- [Mufid] [restartedMain] com.zaxxer.hikari.HikariConfig           : HikariCP-1 - configuration:
2026-02-07T15:37:35.540+07:00 DEBUG 11792 --- [Mufid] [restartedMain] com.zaxxer.hikari.HikariConfig           : allowPoolSuspension.............false
2026-02-07T15:37:35.540+07:00 DEBUG 11792 --- [Mufid] [restartedMain] com.zaxxer.hikari.HikariConfig           : autoCommit......................true
2026-02-07T15:37:35.541+07:00 DEBUG 11792 --- [Mufid] [restartedMain] com.zaxxer.hikari.HikariConfig           : catalog.........................none
2026-02-07T15:37:35.541+07:00 DEBUG 11792 --- [Mufid] [restartedMain] com.zaxxer.hikari.HikariConfig           : connectionInitSql...............none
2026-02-07T15:37:35.541+07:00 DEBUG 11792 --- [Mufid] [restartedMain] com.zaxxer.hikari.HikariConfig           : connectionTestQuery.............none
2026-02-07T15:37:35.541+07:00 DEBUG 11792 --- [Mufid] [restartedMain] com.zaxxer.hikari.HikariConfig           : connectionTimeout...............30000
2026-02-07T15:37:35.541+07:00 DEBUG 11792 --- [Mufid] [restartedMain] com.zaxxer.hikari.HikariConfig           : credentials.....................com.zaxxer.hikari.util.Credentials@5f57918f
2026-02-07T15:37:35.542+07:00 DEBUG 11792 --- [Mufid] [restartedMain] com.zaxxer.hikari.HikariConfig           : dataSource......................none
2026-02-07T15:37:35.542+07:00 DEBUG 11792 --- [Mufid] [restartedMain] com.zaxxer.hikari.HikariConfig           : dataSourceClassName.............none
2026-02-07T15:37:35.542+07:00 DEBUG 11792 --- [Mufid] [restartedMain] com.zaxxer.hikari.HikariConfig           : dataSourceJNDI..................none
2026-02-07T15:37:35.543+07:00 DEBUG 11792 --- [Mufid] [restartedMain] com.zaxxer.hikari.HikariConfig           : dataSourceProperties............{password=<masked>}
2026-02-07T15:37:35.543+07:00 DEBUG 11792 --- [Mufid] [restartedMain] com.zaxxer.hikari.HikariConfig           : driverClassName................."org.postgresql.Driver"
2026-02-07T15:37:35.543+07:00 DEBUG 11792 --- [Mufid] [restartedMain] com.zaxxer.hikari.HikariConfig           : exceptionOverride...............none
2026-02-07T15:37:35.543+07:00 DEBUG 11792 --- [Mufid] [restartedMain] com.zaxxer.hikari.HikariConfig           : exceptionOverrideClassName......none
2026-02-07T15:37:35.543+07:00 DEBUG 11792 --- [Mufid] [restartedMain] com.zaxxer.hikari.HikariConfig           : healthCheckProperties...........{}
2026-02-07T15:37:35.543+07:00 DEBUG 11792 --- [Mufid] [restartedMain] com.zaxxer.hikari.HikariConfig           : healthCheckRegistry.............none
2026-02-07T15:37:35.543+07:00 DEBUG 11792 --- [Mufid] [restartedMain] com.zaxxer.hikari.HikariConfig           : idleTimeout.....................600000
2026-02-07T15:37:35.543+07:00 DEBUG 11792 --- [Mufid] [restartedMain] com.zaxxer.hikari.HikariConfig           : initializationFailTimeout.......1
2026-02-07T15:37:35.544+07:00 DEBUG 11792 --- [Mufid] [restartedMain] com.zaxxer.hikari.HikariConfig           : isolateInternalQueries..........false
2026-02-07T15:37:35.544+07:00 DEBUG 11792 --- [Mufid] [restartedMain] com.zaxxer.hikari.HikariConfig           : jdbcUrl.........................jdbc:postgresql://localhost:5432/mufdb?currentSchema=mufid
2026-02-07T15:37:35.544+07:00 DEBUG 11792 --- [Mufid] [restartedMain] com.zaxxer.hikari.HikariConfig           : keepaliveTime...................120000
2026-02-07T15:37:35.544+07:00 DEBUG 11792 --- [Mufid] [restartedMain] com.zaxxer.hikari.HikariConfig           : leakDetectionThreshold..........0
2026-02-07T15:37:35.544+07:00 DEBUG 11792 --- [Mufid] [restartedMain] com.zaxxer.hikari.HikariConfig           : maxLifetime.....................1800000
2026-02-07T15:37:35.544+07:00 DEBUG 11792 --- [Mufid] [restartedMain] com.zaxxer.hikari.HikariConfig           : maximumPoolSize.................10
2026-02-07T15:37:35.544+07:00 DEBUG 11792 --- [Mufid] [restartedMain] com.zaxxer.hikari.HikariConfig           : metricRegistry..................none
2026-02-07T15:37:35.545+07:00 DEBUG 11792 --- [Mufid] [restartedMain] com.zaxxer.hikari.HikariConfig           : metricsTrackerFactory...........none
2026-02-07T15:37:35.545+07:00 DEBUG 11792 --- [Mufid] [restartedMain] com.zaxxer.hikari.HikariConfig           : minimumIdle.....................10
2026-02-07T15:37:35.545+07:00 DEBUG 11792 --- [Mufid] [restartedMain] com.zaxxer.hikari.HikariConfig           : password........................<masked>
2026-02-07T15:37:35.545+07:00 DEBUG 11792 --- [Mufid] [restartedMain] com.zaxxer.hikari.HikariConfig           : poolName........................"HikariCP-1"
2026-02-07T15:37:35.545+07:00 DEBUG 11792 --- [Mufid] [restartedMain] com.zaxxer.hikari.HikariConfig           : readOnly........................false
2026-02-07T15:37:35.545+07:00 DEBUG 11792 --- [Mufid] [restartedMain] com.zaxxer.hikari.HikariConfig           : registerMbeans..................false
2026-02-07T15:37:35.546+07:00 DEBUG 11792 --- [Mufid] [restartedMain] com.zaxxer.hikari.HikariConfig           : scheduledExecutor...............none
2026-02-07T15:37:35.546+07:00 DEBUG 11792 --- [Mufid] [restartedMain] com.zaxxer.hikari.HikariConfig           : schema..........................none
2026-02-07T15:37:35.546+07:00 DEBUG 11792 --- [Mufid] [restartedMain] com.zaxxer.hikari.HikariConfig           : threadFactory...................internal
2026-02-07T15:37:35.546+07:00 DEBUG 11792 --- [Mufid] [restartedMain] com.zaxxer.hikari.HikariConfig           : transactionIsolation............default
2026-02-07T15:37:35.546+07:00 DEBUG 11792 --- [Mufid] [restartedMain] com.zaxxer.hikari.HikariConfig           : username........................"251E432CDA535BB8FC0BE683E9F7D25F"
2026-02-07T15:37:35.547+07:00 DEBUG 11792 --- [Mufid] [restartedMain] com.zaxxer.hikari.HikariConfig           : validationTimeout...............5000
2026-02-07T15:37:35.547+07:00  INFO 11792 --- [Mufid] [restartedMain] com.zaxxer.hikari.HikariDataSource       : HikariCP-1 - Starting...
2026-02-07T15:37:35.667+07:00  INFO 11792 --- [Mufid] [restartedMain] com.zaxxer.hikari.pool.HikariPool        : HikariCP-1 - Added connection org.postgresql.jdbc.PgConnection@1e3b5fe
2026-02-07T15:37:35.668+07:00  INFO 11792 --- [Mufid] [restartedMain] com.zaxxer.hikari.HikariDataSource       : HikariCP-1 - Start completed.
2026-02-07T15:37:35.695+07:00  WARN 11792 --- [Mufid] [restartedMain] org.hibernate.orm.deprecation            : HHH90000025: PostgreSQLDialect does not need to be specified explicitly using 'hibernate.dialect' (remove the property setting and it will be selected by default)
2026-02-07T15:37:35.710+07:00  INFO 11792 --- [Mufid] [restartedMain] org.hibernate.orm.connections.pooling    : HHH10001005: Database info:
	Database JDBC URL [Connecting through datasource 'HikariDataSource (HikariCP-1)']
	Database driver: undefined/unknown
	Database version: 15.1
	Autocommit mode: undefined/unknown
	Isolation level: undefined/unknown
	Minimum pool size: undefined/unknown
	Maximum pool size: undefined/unknown
2026-02-07T15:37:36.943+07:00  INFO 11792 --- [Mufid] [restartedMain] o.h.e.t.j.p.i.JtaPlatformInitiator       : HHH000489: No JTA platform available (set 'hibernate.transaction.jta.platform' to enable JTA platform integration)
2026-02-07T15:37:37.023+07:00  WARN 11792 --- [Mufid] [restartedMain] o.h.engine.jdbc.spi.SqlExceptionHelper   : SQL Warning Code: 0, SQLState: 00000
2026-02-07T15:37:37.023+07:00  WARN 11792 --- [Mufid] [restartedMain] o.h.engine.jdbc.spi.SqlExceptionHelper   : constraint "ukkkj0xy3ptrie1v5tbaotxibc3" of relation "tokens" does not exist, skipping
2026-02-07T15:37:37.028+07:00  WARN 11792 --- [Mufid] [restartedMain] o.h.engine.jdbc.spi.SqlExceptionHelper   : SQL Warning Code: 0, SQLState: 00000
2026-02-07T15:37:37.028+07:00  WARN 11792 --- [Mufid] [restartedMain] o.h.engine.jdbc.spi.SqlExceptionHelper   : constraint "uk3cmtv55gp2ex8nooq0svewmff" of relation "users" does not exist, skipping
2026-02-07T15:37:37.219+07:00  INFO 11792 --- [Mufid] [restartedMain] j.LocalContainerEntityManagerFactoryBean : Initialized JPA EntityManagerFactory for persistence unit 'default'
2026-02-07T15:37:37.534+07:00  INFO 11792 --- [Mufid] [restartedMain] o.s.d.j.r.query.QueryEnhancerFactory     : Hibernate is in classpath; If applicable, HQL parser will be used.
2026-02-07T15:37:38.338+07:00  WARN 11792 --- [Mufid] [restartedMain] JpaBaseConfiguration$JpaWebConfiguration : spring.jpa.open-in-view is enabled by default. Therefore, database queries may be performed during view rendering. Explicitly configure spring.jpa.open-in-view to disable this warning
2026-02-07T15:37:38.548+07:00  WARN 11792 --- [Mufid] [restartedMain] .s.s.UserDetailsServiceAutoConfiguration : 

Using generated security password: 0262c11b-481e-42c4-94d7-797bfff8a6df

This generated password is for development use only. Your security configuration must be updated before running your application in production.

2026-02-07T15:37:38.556+07:00  INFO 11792 --- [Mufid] [restartedMain] r$InitializeUserDetailsManagerConfigurer : Global AuthenticationManager configured with UserDetailsService bean with name inMemoryUserDetailsManager
2026-02-07T15:37:39.072+07:00  INFO 11792 --- [Mufid] [restartedMain] o.s.b.d.a.OptionalLiveReloadServer       : LiveReload server is running on port 35729
2026-02-07T15:37:39.116+07:00  INFO 11792 --- [Mufid] [restartedMain] o.s.b.w.embedded.tomcat.TomcatWebServer  : Tomcat started on port 8081 (http) with context path '/'
2026-02-07T15:37:39.124+07:00  INFO 11792 --- [Mufid] [restartedMain] com.muf.MufApplication                   : Started MufApplication in 6.89 seconds (process running for 7.742)
2026-02-07T15:39:29.249+07:00  INFO 11792 --- [Mufid] [http-nio-8081-exec-1] o.a.c.c.C.[Tomcat].[localhost].[/]       : Initializing Spring DispatcherServlet 'dispatcherServlet'
2026-02-07T15:39:29.249+07:00  INFO 11792 --- [Mufid] [http-nio-8081-exec-1] o.s.web.servlet.DispatcherServlet        : Initializing Servlet 'dispatcherServlet'
2026-02-07T15:39:29.250+07:00  INFO 11792 --- [Mufid] [http-nio-8081-exec-1] o.s.web.servlet.DispatcherServlet        : Completed initialization in 1 ms
2026-02-07T15:55:17.528+07:00  INFO 11792 --- [Mufid] [SpringApplicationShutdownHook] o.s.b.w.e.tomcat.GracefulShutdown        : Commencing graceful shutdown. Waiting for active requests to complete
2026-02-07T15:55:17.538+07:00  INFO 11792 --- [Mufid] [tomcat-shutdown] o.s.b.w.e.tomcat.GracefulShutdown        : Graceful shutdown complete
2026-02-07T15:55:17.569+07:00  INFO 11792 --- [Mufid] [SpringApplicationShutdownHook] j.LocalContainerEntityManagerFactoryBean : Closing JPA EntityManagerFactory for persistence unit 'default'
2026-02-07T15:55:17.580+07:00  INFO 11792 --- [Mufid] [SpringApplicationShutdownHook] com.zaxxer.hikari.HikariDataSource       : HikariCP-1 - Shutdown initiated...
2026-02-07T15:55:17.595+07:00  INFO 11792 --- [Mufid] [SpringApplicationShutdownHook] com.zaxxer.hikari.HikariDataSource       : HikariCP-1 - Shutdown completed.
